{"/home/lukumo/Microverse/MyTodo-App/_mock_/updateTodo.js": {"path":"/home/lukumo/Microverse/MyTodo-App/_mock_/updateTodo.js","statementMap":{"0":{"start":{"line":1,"column":18},"end":{"line":1,"column":20}},"1":{"start":{"line":2,"column":14},"end":{"line":2,"column":16}},"2":{"start":{"line":5,"column":2},"end":{"line":11,"column":3}},"3":{"start":{"line":6,"column":4},"end":{"line":8,"column":5}},"4":{"start":{"line":7,"column":6},"end":{"line":7,"column":12}},"5":{"start":{"line":10,"column":4},"end":{"line":10,"column":15}},"6":{"start":{"line":12,"column":2},"end":{"line":12,"column":17}},"7":{"start":{"line":16,"column":2},"end":{"line":21,"column":3}},"8":{"start":{"line":17,"column":21},"end":{"line":17,"column":33}},"9":{"start":{"line":18,"column":4},"end":{"line":18,"column":21}},"10":{"start":{"line":20,"column":4},"end":{"line":20,"column":17}},"11":{"start":{"line":22,"column":2},"end":{"line":22,"column":35}},"12":{"start":{"line":25,"column":19},"end":{"line":52,"column":1}},"13":{"start":{"line":27,"column":13},"end":{"line":27,"column":41}},"14":{"start":{"line":28,"column":13},"end":{"line":28,"column":41}},"15":{"start":{"line":29,"column":16},"end":{"line":29,"column":47}},"16":{"start":{"line":30,"column":2},"end":{"line":30,"column":26}},"17":{"start":{"line":31,"column":16},"end":{"line":31,"column":47}},"18":{"start":{"line":32,"column":2},"end":{"line":32,"column":32}},"19":{"start":{"line":33,"column":2},"end":{"line":33,"column":21}},"20":{"start":{"line":35,"column":15},"end":{"line":35,"column":47}},"21":{"start":{"line":36,"column":2},"end":{"line":51,"column":3}},"22":{"start":{"line":37,"column":4},"end":{"line":50,"column":7}},"23":{"start":{"line":38,"column":18},"end":{"line":38,"column":50}},"24":{"start":{"line":39,"column":24},"end":{"line":39,"column":68}},"25":{"start":{"line":40,"column":17},"end":{"line":40,"column":58}},"26":{"start":{"line":41,"column":26},"end":{"line":41,"column":68}},"27":{"start":{"line":43,"column":19},"end":{"line":48,"column":7}},"28":{"start":{"line":49,"column":6},"end":{"line":49,"column":27}},"29":{"start":{"line":55,"column":19},"end":{"line":63,"column":1}},"30":{"start":{"line":56,"column":14},"end":{"line":56,"column":37}},"31":{"start":{"line":57,"column":19},"end":{"line":57,"column":21}},"32":{"start":{"line":58,"column":2},"end":{"line":62,"column":5}},"33":{"start":{"line":59,"column":4},"end":{"line":61,"column":5}},"34":{"start":{"line":60,"column":6},"end":{"line":60,"column":26}},"35":{"start":{"line":66,"column":2},"end":{"line":123,"column":3}},"36":{"start":{"line":67,"column":4},"end":{"line":122,"column":7}},"37":{"start":{"line":68,"column":34},"end":{"line":68,"column":38}},"38":{"start":{"line":69,"column":17},"end":{"line":69,"column":45}},"39":{"start":{"line":70,"column":6},"end":{"line":70,"column":20}},"40":{"start":{"line":71,"column":6},"end":{"line":74,"column":9}},"41":{"start":{"line":72,"column":8},"end":{"line":72,"column":40}},"42":{"start":{"line":73,"column":8},"end":{"line":73,"column":26}},"43":{"start":{"line":75,"column":6},"end":{"line":77,"column":9}},"44":{"start":{"line":76,"column":8},"end":{"line":76,"column":31}},"45":{"start":{"line":78,"column":18},"end":{"line":78,"column":47}},"46":{"start":{"line":79,"column":20},"end":{"line":79,"column":38}},"47":{"start":{"line":80,"column":6},"end":{"line":80,"column":32}},"48":{"start":{"line":81,"column":6},"end":{"line":81,"column":21}},"49":{"start":{"line":82,"column":6},"end":{"line":82,"column":36}},"50":{"start":{"line":83,"column":6},"end":{"line":83,"column":27}},"51":{"start":{"line":84,"column":6},"end":{"line":84,"column":66}},"52":{"start":{"line":84,"column":42},"end":{"line":84,"column":64}},"53":{"start":{"line":85,"column":6},"end":{"line":85,"column":23}},"54":{"start":{"line":86,"column":6},"end":{"line":89,"column":9}},"55":{"start":{"line":87,"column":8},"end":{"line":87,"column":38}},"56":{"start":{"line":88,"column":8},"end":{"line":88,"column":26}},"57":{"start":{"line":90,"column":28},"end":{"line":90,"column":59}},"58":{"start":{"line":91,"column":6},"end":{"line":93,"column":9}},"59":{"start":{"line":92,"column":8},"end":{"line":92,"column":17}},"60":{"start":{"line":94,"column":6},"end":{"line":94,"column":38}},"61":{"start":{"line":95,"column":6},"end":{"line":95,"column":35}},"62":{"start":{"line":96,"column":6},"end":{"line":96,"column":45}},"63":{"start":{"line":97,"column":6},"end":{"line":97,"column":45}},"64":{"start":{"line":98,"column":24},"end":{"line":98,"column":55}},"65":{"start":{"line":99,"column":6},"end":{"line":99,"column":44}},"66":{"start":{"line":100,"column":6},"end":{"line":100,"column":30}},"67":{"start":{"line":101,"column":6},"end":{"line":101,"column":45}},"68":{"start":{"line":102,"column":6},"end":{"line":102,"column":42}},"69":{"start":{"line":103,"column":6},"end":{"line":103,"column":44}},"70":{"start":{"line":104,"column":6},"end":{"line":104,"column":34}},"71":{"start":{"line":105,"column":6},"end":{"line":107,"column":9}},"72":{"start":{"line":106,"column":8},"end":{"line":106,"column":24}},"73":{"start":{"line":108,"column":21},"end":{"line":108,"column":53}},"74":{"start":{"line":109,"column":6},"end":{"line":109,"column":39}},"75":{"start":{"line":110,"column":6},"end":{"line":110,"column":35}},"76":{"start":{"line":111,"column":6},"end":{"line":111,"column":29}},"77":{"start":{"line":112,"column":18},"end":{"line":112,"column":47}},"78":{"start":{"line":113,"column":6},"end":{"line":113,"column":24}},"79":{"start":{"line":114,"column":6},"end":{"line":114,"column":24}},"80":{"start":{"line":115,"column":6},"end":{"line":115,"column":39}},"81":{"start":{"line":116,"column":6},"end":{"line":116,"column":30}},"82":{"start":{"line":117,"column":6},"end":{"line":117,"column":37}},"83":{"start":{"line":118,"column":6},"end":{"line":118,"column":33}},"84":{"start":{"line":119,"column":6},"end":{"line":119,"column":30}},"85":{"start":{"line":120,"column":6},"end":{"line":120,"column":26}},"86":{"start":{"line":121,"column":6},"end":{"line":121,"column":27}},"87":{"start":{"line":124,"column":19},"end":{"line":145,"column":11}}},"fnMap":{"0":{"name":"updateLocalStorage","decl":{"start":{"line":4,"column":9},"end":{"line":4,"column":27}},"loc":{"start":{"line":4,"column":38},"end":{"line":13,"column":1}},"line":4},"1":{"name":"update","decl":{"start":{"line":15,"column":9},"end":{"line":15,"column":15}},"loc":{"start":{"line":15,"column":22},"end":{"line":23,"column":1}},"line":15},"2":{"name":"(anonymous_2)","decl":{"start":{"line":25,"column":19},"end":{"line":25,"column":20}},"loc":{"start":{"line":25,"column":25},"end":{"line":52,"column":1}},"line":25},"3":{"name":"(anonymous_3)","decl":{"start":{"line":37,"column":29},"end":{"line":37,"column":30}},"loc":{"start":{"line":37,"column":44},"end":{"line":50,"column":5}},"line":37},"4":{"name":"(anonymous_4)","decl":{"start":{"line":55,"column":19},"end":{"line":55,"column":20}},"loc":{"start":{"line":55,"column":36},"end":{"line":63,"column":1}},"line":55},"5":{"name":"(anonymous_5)","decl":{"start":{"line":58,"column":16},"end":{"line":58,"column":17}},"loc":{"start":{"line":58,"column":26},"end":{"line":62,"column":3}},"line":58},"6":{"name":"displayTasks","decl":{"start":{"line":65,"column":9},"end":{"line":65,"column":21}},"loc":{"start":{"line":65,"column":24},"end":{"line":146,"column":1}},"line":65},"7":{"name":"(anonymous_7)","decl":{"start":{"line":67,"column":18},"end":{"line":67,"column":19}},"loc":{"start":{"line":67,"column":35},"end":{"line":122,"column":5}},"line":67},"8":{"name":"(anonymous_8)","decl":{"start":{"line":71,"column":34},"end":{"line":71,"column":35}},"loc":{"start":{"line":71,"column":51},"end":{"line":74,"column":7}},"line":71},"9":{"name":"(anonymous_9)","decl":{"start":{"line":75,"column":38},"end":{"line":75,"column":39}},"loc":{"start":{"line":75,"column":55},"end":{"line":77,"column":7}},"line":75},"10":{"name":"(anonymous_10)","decl":{"start":{"line":84,"column":36},"end":{"line":84,"column":37}},"loc":{"start":{"line":84,"column":42},"end":{"line":84,"column":64}},"line":84},"11":{"name":"(anonymous_11)","decl":{"start":{"line":86,"column":40},"end":{"line":86,"column":41}},"loc":{"start":{"line":86,"column":57},"end":{"line":89,"column":7}},"line":86},"12":{"name":"(anonymous_12)","decl":{"start":{"line":91,"column":46},"end":{"line":91,"column":47}},"loc":{"start":{"line":91,"column":52},"end":{"line":93,"column":7}},"line":91},"13":{"name":"(anonymous_13)","decl":{"start":{"line":105,"column":43},"end":{"line":105,"column":44}},"loc":{"start":{"line":105,"column":49},"end":{"line":107,"column":7}},"line":105}},"branchMap":{"0":{"loc":{"start":{"line":5,"column":2},"end":{"line":11,"column":3}},"type":"if","locations":[{"start":{"line":5,"column":2},"end":{"line":11,"column":3}},{"start":{"line":5,"column":2},"end":{"line":11,"column":3}}],"line":5},"1":{"loc":{"start":{"line":6,"column":4},"end":{"line":8,"column":5}},"type":"if","locations":[{"start":{"line":6,"column":4},"end":{"line":8,"column":5}},{"start":{"line":6,"column":4},"end":{"line":8,"column":5}}],"line":6},"2":{"loc":{"start":{"line":16,"column":2},"end":{"line":21,"column":3}},"type":"if","locations":[{"start":{"line":16,"column":2},"end":{"line":21,"column":3}},{"start":{"line":16,"column":2},"end":{"line":21,"column":3}}],"line":16},"3":{"loc":{"start":{"line":36,"column":2},"end":{"line":51,"column":3}},"type":"if","locations":[{"start":{"line":36,"column":2},"end":{"line":51,"column":3}},{"start":{"line":36,"column":2},"end":{"line":51,"column":3}}],"line":36},"4":{"loc":{"start":{"line":59,"column":4},"end":{"line":61,"column":5}},"type":"if","locations":[{"start":{"line":59,"column":4},"end":{"line":61,"column":5}},{"start":{"line":59,"column":4},"end":{"line":61,"column":5}}],"line":59},"5":{"loc":{"start":{"line":66,"column":2},"end":{"line":123,"column":3}},"type":"if","locations":[{"start":{"line":66,"column":2},"end":{"line":123,"column":3}},{"start":{"line":66,"column":2},"end":{"line":123,"column":3}}],"line":66},"6":{"loc":{"start":{"line":103,"column":24},"end":{"line":103,"column":43}},"type":"binary-expr","locations":[{"start":{"line":103,"column":24},"end":{"line":103,"column":35}},{"start":{"line":103,"column":39},"end":{"line":103,"column":43}}],"line":103}},"s":{"0":2,"1":2,"2":0,"3":0,"4":0,"5":0,"6":0,"7":0,"8":0,"9":0,"10":0,"11":0,"12":2,"13":0,"14":0,"15":0,"16":0,"17":0,"18":0,"19":0,"20":0,"21":0,"22":0,"23":0,"24":0,"25":0,"26":0,"27":0,"28":0,"29":2,"30":0,"31":0,"32":0,"33":0,"34":0,"35":1,"36":1,"37":0,"38":0,"39":0,"40":0,"41":0,"42":0,"43":0,"44":0,"45":0,"46":0,"47":0,"48":0,"49":0,"50":0,"51":0,"52":0,"53":0,"54":0,"55":0,"56":0,"57":0,"58":0,"59":0,"60":0,"61":0,"62":0,"63":0,"64":0,"65":0,"66":0,"67":0,"68":0,"69":0,"70":0,"71":0,"72":0,"73":0,"74":0,"75":0,"76":0,"77":0,"78":0,"79":0,"80":0,"81":0,"82":0,"83":0,"84":0,"85":0,"86":0,"87":1},"f":{"0":0,"1":0,"2":0,"3":0,"4":0,"5":0,"6":1,"7":0,"8":0,"9":0,"10":0,"11":0,"12":0,"13":0},"b":{"0":[0,0],"1":[0,0],"2":[0,0],"3":[0,0],"4":[0,0],"5":[1,0],"6":[0,0]},"_coverageSchema":"1a1c01bbd47fc00a2c39e90264f33305004495a9","hash":"dd84bd85eef32b267764a1ac6661c83d8e66d23a"}
,"/home/lukumo/Microverse/MyTodo-App/src/addRemove.js": {"path":"/home/lukumo/Microverse/MyTodo-App/src/addRemove.js","statementMap":{"0":{"start":{"line":1,"column":16},"end":{"line":33,"column":1}},"1":{"start":{"line":2,"column":22},"end":{"line":2,"column":27}},"2":{"start":{"line":3,"column":20},"end":{"line":3,"column":25}},"3":{"start":{"line":4,"column":15},"end":{"line":4,"column":25}},"4":{"start":{"line":5,"column":13},"end":{"line":5,"column":35}},"5":{"start":{"line":7,"column":2},"end":{"line":9,"column":3}},"6":{"start":{"line":8,"column":4},"end":{"line":8,"column":15}},"7":{"start":{"line":11,"column":16},"end":{"line":11,"column":32}},"8":{"start":{"line":13,"column":2},"end":{"line":32,"column":3}},"9":{"start":{"line":14,"column":17},"end":{"line":19,"column":5}},"10":{"start":{"line":20,"column":4},"end":{"line":20,"column":21}},"11":{"start":{"line":21,"column":4},"end":{"line":31,"column":7}},"12":{"start":{"line":22,"column":21},"end":{"line":22,"column":35}},"13":{"start":{"line":23,"column":21},"end":{"line":23,"column":35}},"14":{"start":{"line":24,"column":6},"end":{"line":26,"column":7}},"15":{"start":{"line":25,"column":8},"end":{"line":25,"column":18}},"16":{"start":{"line":27,"column":6},"end":{"line":29,"column":7}},"17":{"start":{"line":28,"column":8},"end":{"line":28,"column":17}},"18":{"start":{"line":30,"column":6},"end":{"line":30,"column":15}},"19":{"start":{"line":35,"column":19},"end":{"line":44,"column":1}},"20":{"start":{"line":36,"column":14},"end":{"line":36,"column":37}},"21":{"start":{"line":37,"column":19},"end":{"line":37,"column":21}},"22":{"start":{"line":38,"column":2},"end":{"line":42,"column":5}},"23":{"start":{"line":39,"column":4},"end":{"line":41,"column":5}},"24":{"start":{"line":40,"column":6},"end":{"line":40,"column":26}},"25":{"start":{"line":43,"column":2},"end":{"line":43,"column":26}},"26":{"start":{"line":46,"column":17},"end":{"line":64,"column":1}},"27":{"start":{"line":47,"column":15},"end":{"line":47,"column":58}},"28":{"start":{"line":48,"column":2},"end":{"line":63,"column":5}},"29":{"start":{"line":49,"column":4},"end":{"line":62,"column":5}},"30":{"start":{"line":50,"column":6},"end":{"line":50,"column":45}},"31":{"start":{"line":51,"column":18},"end":{"line":51,"column":51}},"32":{"start":{"line":52,"column":6},"end":{"line":52,"column":27}},"33":{"start":{"line":53,"column":6},"end":{"line":53,"column":35}},"34":{"start":{"line":54,"column":6},"end":{"line":56,"column":9}},"35":{"start":{"line":55,"column":8},"end":{"line":55,"column":33}},"36":{"start":{"line":58,"column":6},"end":{"line":58,"column":41}},"37":{"start":{"line":59,"column":18},"end":{"line":59,"column":51}},"38":{"start":{"line":60,"column":6},"end":{"line":60,"column":26}},"39":{"start":{"line":61,"column":6},"end":{"line":61,"column":38}},"40":{"start":{"line":66,"column":18},"end":{"line":73,"column":1}},"41":{"start":{"line":67,"column":15},"end":{"line":67,"column":17}},"42":{"start":{"line":68,"column":2},"end":{"line":72,"column":5}},"43":{"start":{"line":69,"column":4},"end":{"line":71,"column":5}},"44":{"start":{"line":70,"column":6},"end":{"line":70,"column":22}}},"fnMap":{"0":{"name":"(anonymous_0)","decl":{"start":{"line":1,"column":16},"end":{"line":1,"column":17}},"loc":{"start":{"line":1,"column":27},"end":{"line":33,"column":1}},"line":1},"1":{"name":"(anonymous_1)","decl":{"start":{"line":21,"column":15},"end":{"line":21,"column":16}},"loc":{"start":{"line":21,"column":33},"end":{"line":31,"column":5}},"line":21},"2":{"name":"(anonymous_2)","decl":{"start":{"line":35,"column":19},"end":{"line":35,"column":20}},"loc":{"start":{"line":35,"column":36},"end":{"line":44,"column":1}},"line":35},"3":{"name":"(anonymous_3)","decl":{"start":{"line":38,"column":16},"end":{"line":38,"column":17}},"loc":{"start":{"line":38,"column":26},"end":{"line":42,"column":3}},"line":38},"4":{"name":"(anonymous_4)","decl":{"start":{"line":46,"column":17},"end":{"line":46,"column":18}},"loc":{"start":{"line":46,"column":35},"end":{"line":64,"column":1}},"line":46},"5":{"name":"(anonymous_5)","decl":{"start":{"line":48,"column":27},"end":{"line":48,"column":28}},"loc":{"start":{"line":48,"column":35},"end":{"line":63,"column":3}},"line":48},"6":{"name":"(anonymous_6)","decl":{"start":{"line":54,"column":36},"end":{"line":54,"column":37}},"loc":{"start":{"line":54,"column":42},"end":{"line":56,"column":7}},"line":54},"7":{"name":"(anonymous_7)","decl":{"start":{"line":66,"column":18},"end":{"line":66,"column":19}},"loc":{"start":{"line":66,"column":29},"end":{"line":73,"column":1}},"line":66},"8":{"name":"(anonymous_8)","decl":{"start":{"line":68,"column":16},"end":{"line":68,"column":17}},"loc":{"start":{"line":68,"column":26},"end":{"line":72,"column":3}},"line":68}},"branchMap":{"0":{"loc":{"start":{"line":7,"column":2},"end":{"line":9,"column":3}},"type":"if","locations":[{"start":{"line":7,"column":2},"end":{"line":9,"column":3}},{"start":{"line":7,"column":2},"end":{"line":9,"column":3}}],"line":7},"1":{"loc":{"start":{"line":13,"column":2},"end":{"line":32,"column":3}},"type":"if","locations":[{"start":{"line":13,"column":2},"end":{"line":32,"column":3}},{"start":{"line":13,"column":2},"end":{"line":32,"column":3}}],"line":13},"2":{"loc":{"start":{"line":13,"column":6},"end":{"line":13,"column":33}},"type":"binary-expr","locations":[{"start":{"line":13,"column":6},"end":{"line":13,"column":11}},{"start":{"line":13,"column":15},"end":{"line":13,"column":33}}],"line":13},"3":{"loc":{"start":{"line":24,"column":6},"end":{"line":26,"column":7}},"type":"if","locations":[{"start":{"line":24,"column":6},"end":{"line":26,"column":7}},{"start":{"line":24,"column":6},"end":{"line":26,"column":7}}],"line":24},"4":{"loc":{"start":{"line":27,"column":6},"end":{"line":29,"column":7}},"type":"if","locations":[{"start":{"line":27,"column":6},"end":{"line":29,"column":7}},{"start":{"line":27,"column":6},"end":{"line":29,"column":7}}],"line":27},"5":{"loc":{"start":{"line":39,"column":4},"end":{"line":41,"column":5}},"type":"if","locations":[{"start":{"line":39,"column":4},"end":{"line":41,"column":5}},{"start":{"line":39,"column":4},"end":{"line":41,"column":5}}],"line":39},"6":{"loc":{"start":{"line":49,"column":4},"end":{"line":62,"column":5}},"type":"if","locations":[{"start":{"line":49,"column":4},"end":{"line":62,"column":5}},{"start":{"line":49,"column":4},"end":{"line":62,"column":5}}],"line":49},"7":{"loc":{"start":{"line":69,"column":4},"end":{"line":71,"column":5}},"type":"if","locations":[{"start":{"line":69,"column":4},"end":{"line":71,"column":5}},{"start":{"line":69,"column":4},"end":{"line":71,"column":5}}],"line":69}},"s":{"0":2,"1":2,"2":2,"3":2,"4":2,"5":2,"6":0,"7":2,"8":2,"9":2,"10":2,"11":2,"12":0,"13":0,"14":0,"15":0,"16":0,"17":0,"18":0,"19":2,"20":0,"21":0,"22":0,"23":0,"24":0,"25":0,"26":2,"27":0,"28":0,"29":0,"30":0,"31":0,"32":0,"33":0,"34":0,"35":0,"36":0,"37":0,"38":0,"39":0,"40":2,"41":1,"42":1,"43":2,"44":2},"f":{"0":2,"1":0,"2":0,"3":0,"4":0,"5":0,"6":0,"7":1,"8":2},"b":{"0":[0,2],"1":[2,0],"2":[2,2],"3":[0,0],"4":[0,0],"5":[0,0],"6":[0,0],"7":[2,0]},"_coverageSchema":"1a1c01bbd47fc00a2c39e90264f33305004495a9","hash":"dde186269bdff098ede36dc577ef614c9fb4b512"}
}
